<?xml version="1.0" encoding="UTF-8"?>
<testng-results ignored="0" total="1" passed="1" failed="0" skipped="0">
  <reporter-output>
  </reporter-output>
  <suite started-at="2025-04-15T20:31:57 IST" name="Default suite" finished-at="2025-04-15T20:32:00 IST" duration-ms="3044">
    <groups>
    </groups>
    <test started-at="2025-04-15T20:31:57 IST" name="Default test" finished-at="2025-04-15T20:32:00 IST" duration-ms="3044">
      <class name="BaseTest.test">
        <test-method is-config="true" signature="setup()[pri:0, instance:BaseTest.test@130d63be]" started-at="2025-04-15T20:31:57 IST" name="setup" finished-at="2025-04-15T20:31:59 IST" duration-ms="2391" status="PASS">
          <reporter-output>
          </reporter-output>
        </test-method> <!-- setup -->
        <test-method signature="testActions()[pri:0, instance:BaseTest.test@130d63be]" started-at="2025-04-15T20:31:59 IST" name="testActions" finished-at="2025-04-15T20:32:00 IST" duration-ms="311" status="PASS">
          <reporter-output>
          </reporter-output>
        </test-method> <!-- testActions -->
        <test-method is-config="true" signature="teardown()[pri:0, instance:BaseTest.test@130d63be]" started-at="2025-04-15T20:32:00 IST" name="teardown" finished-at="2025-04-15T20:32:00 IST" duration-ms="262" status="PASS">
          <reporter-output>
          </reporter-output>
        </test-method> <!-- teardown -->
      </class> <!-- BaseTest.test -->
    </test> <!-- Default test -->
  </suite> <!-- Default suite -->
</testng-results>
